
> learnos-frontend@0.1.0 dev
> next dev

  ▲ Next.js 14.2.35
  - Local:        http://localhost:3000
  - Environments: .env.local

 ✓ Starting...
 ✓ Ready in 3.1s
 ⚠ Found a change in next.config.mjs. Restarting the server to apply the changes...
  ▲ Next.js 14.2.35
  - Local:        http://localhost:3000
  - Environments: .env.local

 ✓ Starting...
 ✓ Ready in 2.9s
 ○ Compiling / ...
 ✓ Compiled / in 1671ms (658 modules)
 GET / 200 in 1972ms
 ○ Compiling /login ...
 ✓ Compiled /login in 682ms (664 modules)
 ○ Compiling /auth/callback ...
 ✓ Compiled /auth/callback in 509ms (670 modules)
 GET /auth/callback?code=314026be-d0dd-484c-8d5c-e9ac09cf8cf5 200 in 699ms
 ○ Compiling /dashboard ...
 ✓ Compiled /dashboard in 572ms (686 modules)
 ✓ Compiled /onboarding in 470ms (700 modules)
 ✓ Compiled in 3.5s (764 modules)
 GET / 200 in 349ms
 ✓ Compiled /auth/callback in 427ms (367 modules)
 GET /auth/callback?code=a46b72eb-219b-48c2-a50a-a0159c4579e7 200 in 670ms
 ✓ Compiled /dashboard in 159ms (375 modules)
 ○ Compiling /learn/[subjectId] ...
 ✓ Compiled /learn/[subjectId] in 2.8s (778 modules)
 ✓ Compiled in 341ms (403 modules)
 ✓ Compiled in 790ms (702 modules)
 ✓ Compiled in 630ms (778 modules)
 ✓ Compiled in 537ms (778 modules)
 ✓ Compiled in 565ms (778 modules)
 ✓ Compiled in 231ms (403 modules)
